# JRE version: Java(TM) SE Runtime Environment (18.0.2.1+1) (build 18.0.2.1+1-1)
# Java VM: Java HotSpot(TM) 64-Bit Server VM (18.0.2.1+1-1, mixed mode, emulated-client, sharing, tiered, compressed oops, compressed class ptrs, g1 gc, windows-amd64)
GC Precious Log:
 CardTable entry size: 512
 Card Set container configuration: InlinePtr #cards 4 size 8 Array Of Cards #cards 16 size 48 Howl #buckets 8 coarsen threshold 3686 Howl Bitmap #cards 512 size 80 coarsen threshold 460 Card regions per heap region 1 cards per card region 4096
 CPUs: 4 total, 4 available
 Memory: 14285M
 Large Page Support: Disabled
 NUMA Support: Disabled
 Compressed Oops: Enabled (Zero based)
 Heap Region Size: 2M
 Heap Min Capacity: 8M
 Heap Initial Capacity: 224M
 Heap Max Capacity: 3572M
 Pre-touch: Disabled
 Parallel Workers: 4
 Concurrent Workers: 1
 Concurrent Refinement Workers: 4
 Periodic GC: Disabled
Heap:
 garbage-first heap   total 75776K, used 50726K [0x0000000720c00000, 0x0000000800000000)
  region size 2048K, 13 young (26624K), 2 survivors (4096K)
 Metaspace       used 63803K, committed 64576K, reserved 1114112K
  class space    used 8992K, committed 9344K, reserved 1048576K
GC Heap History (20 events):
Event: 1626.330 GC heap before
{Heap before GC invocations=29 (full 2):
 garbage-first heap   total 90112K, used 69498K [0x0000000720c00000, 0x0000000800000000)
  region size 2048K, 19 young (38912K), 2 survivors (4096K)
 Metaspace       used 63144K, committed 63872K, reserved 1114112K
  class space    used 8954K, committed 9280K, reserved 1048576K
}
Event: 1626.335 GC heap after
{Heap after GC invocations=30 (full 2):
 garbage-first heap   total 90112K, used 34577K [0x0000000720c00000, 0x0000000800000000)
  region size 2048K, 2 young (4096K), 2 survivors (4096K)
 Metaspace       used 63144K, committed 63872K, reserved 1114112K
  class space    used 8954K, committed 9280K, reserved 1048576K
}
Event: 1790.614 GC heap before
{Heap before GC invocations=30 (full 2):
 garbage-first heap   total 90112K, used 53009K [0x0000000720c00000, 0x0000000800000000)
  region size 2048K, 12 young (24576K), 2 survivors (4096K)
 Metaspace       used 63146K, committed 63872K, reserved 1114112K
  class space    used 8955K, committed 9280K, reserved 1048576K
}
Event: 1790.687 GC heap after
{Heap after GC invocations=31 (full 3):
 garbage-first heap   total 75776K, used 22224K [0x0000000720c00000, 0x0000000800000000)
  region size 2048K, 0 young (0K), 0 survivors (0K)
 Metaspace       used 62889K, committed 63872K, reserved 1114112K
  class space    used 8892K, committed 9280K, reserved 1048576K
}
Event: 1792.377 GC heap before
{Heap before GC invocations=31 (full 3):
 garbage-first heap   total 75776K, used 63184K [0x0000000720c00000, 0x0000000800000000)
  region size 2048K, 20 young (40960K), 0 survivors (0K)
 Metaspace       used 63190K, committed 63872K, reserved 1114112K
  class space    used 8940K, committed 9280K, reserved 1048576K
}
Event: 1792.383 GC heap after
{Heap after GC invocations=32 (full 3):
 garbage-first heap   total 75776K, used 26589K [0x0000000720c00000, 0x0000000800000000)
  region size 2048K, 3 young (6144K), 3 survivors (6144K)
 Metaspace       used 63190K, committed 63872K, reserved 1114112K
  class space    used 8940K, committed 9280K, reserved 1048576K
}
Event: 1794.419 GC heap before
{Heap before GC invocations=32 (full 3):
 garbage-first heap   total 75776K, used 59357K [0x0000000720c00000, 0x0000000800000000)
  region size 2048K, 19 young (38912K), 3 survivors (6144K)
 Metaspace       used 63458K, committed 64128K, reserved 1114112K
  class space    used 8970K, committed 9280K, reserved 1048576K
}
Event: 1794.429 GC heap after
{Heap after GC invocations=33 (full 3):
 garbage-first heap   total 75776K, used 28589K [0x0000000720c00000, 0x0000000800000000)
  region size 2048K, 2 young (4096K), 2 survivors (4096K)
 Metaspace       used 63458K, committed 64128K, reserved 1114112K
  class space    used 8970K, committed 9280K, reserved 1048576K
}
Event: 1794.961 GC heap before
{Heap before GC invocations=33 (full 3):
 garbage-first heap   total 75776K, used 59309K [0x0000000720c00000, 0x0000000800000000)
  region size 2048K, 17 young (34816K), 2 survivors (4096K)
 Metaspace       used 63697K, committed 64448K, reserved 1114112K
  class space    used 8988K, committed 9344K, reserved 1048576K
}
Event: 1794.966 GC heap after
{Heap after GC invocations=34 (full 3):
 garbage-first heap   total 75776K, used 29374K [0x0000000720c00000, 0x0000000800000000)
  region size 2048K, 2 young (4096K), 2 survivors (4096K)
 Metaspace       used 63697K, committed 64448K, reserved 1114112K
  class space    used 8988K, committed 9344K, reserved 1048576K
}
Event: 1795.419 GC heap before
{Heap before GC invocations=34 (full 3):
 garbage-first heap   total 75776K, used 60094K [0x0000000720c00000, 0x0000000800000000)
  region size 2048K, 17 young (34816K), 2 survivors (4096K)
 Metaspace       used 63875K, committed 64576K, reserved 1114112K
  class space    used 9008K, committed 9344K, reserved 1048576K
}
Event: 1795.428 GC heap after
{Heap after GC invocations=35 (full 3):
 garbage-first heap   total 75776K, used 31398K [0x0000000720c00000, 0x0000000800000000)
  region size 2048K, 3 young (6144K), 3 survivors (6144K)
 Metaspace       used 63875K, committed 64576K, reserved 1114112K
  class space    used 9008K, committed 9344K, reserved 1048576K
}
Event: 1878.984 GC heap before
{Heap before GC invocations=35 (full 3):
 garbage-first heap   total 75776K, used 45734K [0x0000000720c00000, 0x0000000800000000)
  region size 2048K, 11 young (22528K), 3 survivors (6144K)
 Metaspace       used 63878K, committed 64640K, reserved 1114112K
  class space    used 9008K, committed 9344K, reserved 1048576K
}
Event: 1879.080 GC heap after
{Heap after GC invocations=36 (full 4):
 garbage-first heap   total 75776K, used 24794K [0x0000000720c00000, 0x0000000800000000)
  region size 2048K, 0 young (0K), 0 survivors (0K)
 Metaspace       used 63027K, committed 64256K, reserved 1114112K
  class space    used 8930K, committed 9344K, reserved 1048576K
}
Event: 1881.460 GC heap before
{Heap before GC invocations=36 (full 4):
 garbage-first heap   total 75776K, used 59610K [0x0000000720c00000, 0x0000000800000000)
  region size 2048K, 17 young (34816K), 0 survivors (0K)
 Metaspace       used 63220K, committed 64256K, reserved 1114112K
  class space    used 8951K, committed 9344K, reserved 1048576K
}
Event: 1881.464 GC heap after
{Heap after GC invocations=37 (full 4):
 garbage-first heap   total 75776K, used 28169K [0x0000000720c00000, 0x0000000800000000)
  region size 2048K, 2 young (4096K), 2 survivors (4096K)
 Metaspace       used 63220K, committed 64256K, reserved 1114112K
  class space    used 8951K, committed 9344K, reserved 1048576K
}
Event: 1882.488 GC heap before
{Heap before GC invocations=37 (full 4):
 garbage-first heap   total 75776K, used 58889K [0x0000000720c00000, 0x0000000800000000)
  region size 2048K, 17 young (34816K), 2 survivors (4096K)
 Metaspace       used 63395K, committed 64256K, reserved 1114112K
  class space    used 8964K, committed 9344K, reserved 1048576K
}
Event: 1882.494 GC heap after
{Heap after GC invocations=38 (full 4):
 garbage-first heap   total 75776K, used 29712K [0x0000000720c00000, 0x0000000800000000)
  region size 2048K, 3 young (6144K), 3 survivors (6144K)
 Metaspace       used 63395K, committed 64256K, reserved 1114112K
  class space    used 8964K, committed 9344K, reserved 1048576K
}
Event: 1882.850 GC heap before
{Heap before GC invocations=38 (full 4):
 garbage-first heap   total 75776K, used 58384K [0x0000000720c00000, 0x0000000800000000)
  region size 2048K, 17 young (34816K), 3 survivors (6144K)
 Metaspace       used 63643K, committed 64384K, reserved 1114112K
  class space    used 8981K, committed 9344K, reserved 1048576K
}
Event: 1882.856 GC heap after
{Heap after GC invocations=39 (full 4):
 garbage-first heap   total 75776K, used 30246K [0x0000000720c00000, 0x0000000800000000)
  region size 2048K, 2 young (4096K), 2 survivors (4096K)
 Metaspace       used 63643K, committed 64384K, reserved 1114112K
  class space    used 8981K, committed 9344K, reserved 1048576K
}

